16:55:10.711 [1;36mJDA MainWS-ReadThread             [0;39m [31m          [0;39m [1;32mDatabaseManager[0;39m
                [1;31mERROR [0;39m An error occurred while building the Hibernate session factory: 
java.lang.NullPointerException: null
	at java.base/java.util.concurrent.ConcurrentHashMap.putVal(ConcurrentHashMap.java:1011)
	at java.base/java.util.concurrent.ConcurrentHashMap.putAll(ConcurrentHashMap.java:1089)
	at java.base/java.util.Properties.putAll(Properties.java:1350)
	at org.hibernate.boot.registry.StandardServiceRegistryBuilder.applySettings(StandardServiceRegistryBuilder.java:283)
	at com.stmarygate.redaction.database.DatabaseManager.getSessionFactory(DatabaseManager.java:38)
	at com.stmarygate.redaction.database.DatabaseManager.findByName(DatabaseManager.java:121)
	at com.stmarygate.redaction.commands.AddRegion.execute(AddRegion.java:27)
	at com.stmarygate.redaction.commands.CommandAbstract.run(CommandAbstract.java:53)
	at com.stmarygate.redaction.bot.StMaryRedactor$EventListener.onSlashCommandInteraction(StMaryRedactor.java:62)
	at net.dv8tion.jda.api.hooks.ListenerAdapter.onEvent(ListenerAdapter.java:442)
	at net.dv8tion.jda.api.hooks.InterfacedEventManager.handle(InterfacedEventManager.java:96)
	at net.dv8tion.jda.internal.hooks.EventManagerProxy.handleInternally(EventManagerProxy.java:88)
	at net.dv8tion.jda.internal.hooks.EventManagerProxy.handle(EventManagerProxy.java:70)
	at net.dv8tion.jda.internal.JDAImpl.handleEvent(JDAImpl.java:176)
	at net.dv8tion.jda.internal.handle.InteractionCreateHandler.handleCommand(InteractionCreateHandler.java:126)
	at net.dv8tion.jda.internal.handle.InteractionCreateHandler.handleInternally(InteractionCreateHandler.java:97)
	at net.dv8tion.jda.internal.handle.SocketHandler.handle(SocketHandler.java:39)
	at net.dv8tion.jda.internal.requests.WebSocketClient.onDispatch(WebSocketClient.java:1014)
	at net.dv8tion.jda.internal.requests.WebSocketClient.onEvent(WebSocketClient.java:900)
	at net.dv8tion.jda.internal.requests.WebSocketClient.handleEvent(WebSocketClient.java:878)
	at net.dv8tion.jda.internal.requests.WebSocketClient.onBinaryMessage(WebSocketClient.java:1053)
	at com.neovisionaries.ws.client.ListenerManager.callOnBinaryMessage(ListenerManager.java:385)
	at com.neovisionaries.ws.client.ReadingThread.callOnBinaryMessage(ReadingThread.java:276)
	at com.neovisionaries.ws.client.ReadingThread.handleBinaryFrame(ReadingThread.java:996)
	at com.neovisionaries.ws.client.ReadingThread.handleFrame(ReadingThread.java:755)
	at com.neovisionaries.ws.client.ReadingThread.main(ReadingThread.java:108)
	at com.neovisionaries.ws.client.ReadingThread.runMain(ReadingThread.java:64)
	at com.neovisionaries.ws.client.WebSocketThread.run(WebSocketThread.java:45)
16:55:10.715 [1;36mJDA MainWS-ReadThread             [0;39m [31m          [0;39m [1;32mCommandAbstract[0;39m
                [1;31mERROR [0;39m Error while executing command: java.lang.NullPointerException: Cannot invoke "org.hibernate.SessionFactory.openSession()" because the return value of "com.stmarygate.redaction.database.DatabaseManager.getSessionFactory()" is null
16:56:28.153 [1;36mJDA MainWS-ReadThread             [0;39m [31m          [0;39m [1;32mDatabaseManager[0;39m
                [1;31mERROR [0;39m An error occurred while building the Hibernate session factory: 
java.lang.NullPointerException: null
	at java.base/java.util.concurrent.ConcurrentHashMap.putVal(ConcurrentHashMap.java:1011)
	at java.base/java.util.concurrent.ConcurrentHashMap.putAll(ConcurrentHashMap.java:1089)
	at java.base/java.util.Properties.putAll(Properties.java:1350)
	at org.hibernate.boot.registry.StandardServiceRegistryBuilder.applySettings(StandardServiceRegistryBuilder.java:283)
	at com.stmarygate.redaction.database.DatabaseManager.getSessionFactory(DatabaseManager.java:38)
	at com.stmarygate.redaction.database.DatabaseManager.findByName(DatabaseManager.java:121)
	at com.stmarygate.redaction.commands.AddRegion.execute(AddRegion.java:27)
	at com.stmarygate.redaction.commands.CommandAbstract.run(CommandAbstract.java:53)
	at com.stmarygate.redaction.bot.StMaryRedactor$EventListener.onSlashCommandInteraction(StMaryRedactor.java:62)
	at net.dv8tion.jda.api.hooks.ListenerAdapter.onEvent(ListenerAdapter.java:442)
	at net.dv8tion.jda.api.hooks.InterfacedEventManager.handle(InterfacedEventManager.java:96)
	at net.dv8tion.jda.internal.hooks.EventManagerProxy.handleInternally(EventManagerProxy.java:88)
	at net.dv8tion.jda.internal.hooks.EventManagerProxy.handle(EventManagerProxy.java:70)
	at net.dv8tion.jda.internal.JDAImpl.handleEvent(JDAImpl.java:176)
	at net.dv8tion.jda.internal.handle.InteractionCreateHandler.handleCommand(InteractionCreateHandler.java:126)
	at net.dv8tion.jda.internal.handle.InteractionCreateHandler.handleInternally(InteractionCreateHandler.java:97)
	at net.dv8tion.jda.internal.handle.SocketHandler.handle(SocketHandler.java:39)
	at net.dv8tion.jda.internal.requests.WebSocketClient.onDispatch(WebSocketClient.java:1014)
	at net.dv8tion.jda.internal.requests.WebSocketClient.onEvent(WebSocketClient.java:900)
	at net.dv8tion.jda.internal.requests.WebSocketClient.handleEvent(WebSocketClient.java:878)
	at net.dv8tion.jda.internal.requests.WebSocketClient.onBinaryMessage(WebSocketClient.java:1053)
	at com.neovisionaries.ws.client.ListenerManager.callOnBinaryMessage(ListenerManager.java:385)
	at com.neovisionaries.ws.client.ReadingThread.callOnBinaryMessage(ReadingThread.java:276)
	at com.neovisionaries.ws.client.ReadingThread.handleBinaryFrame(ReadingThread.java:996)
	at com.neovisionaries.ws.client.ReadingThread.handleFrame(ReadingThread.java:755)
	at com.neovisionaries.ws.client.ReadingThread.main(ReadingThread.java:108)
	at com.neovisionaries.ws.client.ReadingThread.runMain(ReadingThread.java:64)
	at com.neovisionaries.ws.client.WebSocketThread.run(WebSocketThread.java:45)
16:56:28.155 [1;36mJDA MainWS-ReadThread             [0;39m [31m          [0;39m [1;32mCommandAbstract[0;39m
                [1;31mERROR [0;39m Error while executing command: java.lang.NullPointerException: Cannot invoke "org.hibernate.SessionFactory.openSession()" because the return value of "com.stmarygate.redaction.database.DatabaseManager.getSessionFactory()" is null
16:58:45.795 [1;36mJDA MainWS-ReadThread             [0;39m [31m          [0;39m [1;32mDatabaseManager[0;39m
                [1;31mERROR [0;39m Registrybuild:org.hibernate.boot.registry.StandardServiceRegistryBuilder@67cd1619
16:58:45.798 [1;36mJDA MainWS-ReadThread             [0;39m [31m          [0;39m [1;32mDatabaseManager[0;39m
                [1;31mERROR [0;39m An error occurred while building the Hibernate session factory: 
java.lang.NullPointerException: null
	at java.base/java.util.concurrent.ConcurrentHashMap.putVal(ConcurrentHashMap.java:1011)
	at java.base/java.util.concurrent.ConcurrentHashMap.putAll(ConcurrentHashMap.java:1089)
	at java.base/java.util.Properties.putAll(Properties.java:1350)
	at org.hibernate.boot.registry.StandardServiceRegistryBuilder.applySettings(StandardServiceRegistryBuilder.java:283)
	at com.stmarygate.redaction.database.DatabaseManager.getSessionFactory(DatabaseManager.java:39)
	at com.stmarygate.redaction.database.DatabaseManager.findByName(DatabaseManager.java:122)
	at com.stmarygate.redaction.commands.AddRegion.execute(AddRegion.java:27)
	at com.stmarygate.redaction.commands.CommandAbstract.run(CommandAbstract.java:53)
	at com.stmarygate.redaction.bot.StMaryRedactor$EventListener.onSlashCommandInteraction(StMaryRedactor.java:62)
	at net.dv8tion.jda.api.hooks.ListenerAdapter.onEvent(ListenerAdapter.java:442)
	at net.dv8tion.jda.api.hooks.InterfacedEventManager.handle(InterfacedEventManager.java:96)
	at net.dv8tion.jda.internal.hooks.EventManagerProxy.handleInternally(EventManagerProxy.java:88)
	at net.dv8tion.jda.internal.hooks.EventManagerProxy.handle(EventManagerProxy.java:70)
	at net.dv8tion.jda.internal.JDAImpl.handleEvent(JDAImpl.java:176)
	at net.dv8tion.jda.internal.handle.InteractionCreateHandler.handleCommand(InteractionCreateHandler.java:126)
	at net.dv8tion.jda.internal.handle.InteractionCreateHandler.handleInternally(InteractionCreateHandler.java:97)
	at net.dv8tion.jda.internal.handle.SocketHandler.handle(SocketHandler.java:39)
	at net.dv8tion.jda.internal.requests.WebSocketClient.onDispatch(WebSocketClient.java:1014)
	at net.dv8tion.jda.internal.requests.WebSocketClient.onEvent(WebSocketClient.java:900)
	at net.dv8tion.jda.internal.requests.WebSocketClient.handleEvent(WebSocketClient.java:878)
	at net.dv8tion.jda.internal.requests.WebSocketClient.onBinaryMessage(WebSocketClient.java:1053)
	at com.neovisionaries.ws.client.ListenerManager.callOnBinaryMessage(ListenerManager.java:385)
	at com.neovisionaries.ws.client.ReadingThread.callOnBinaryMessage(ReadingThread.java:276)
	at com.neovisionaries.ws.client.ReadingThread.handleBinaryFrame(ReadingThread.java:996)
	at com.neovisionaries.ws.client.ReadingThread.handleFrame(ReadingThread.java:755)
	at com.neovisionaries.ws.client.ReadingThread.main(ReadingThread.java:108)
	at com.neovisionaries.ws.client.ReadingThread.runMain(ReadingThread.java:64)
	at com.neovisionaries.ws.client.WebSocketThread.run(WebSocketThread.java:45)
16:58:45.802 [1;36mJDA MainWS-ReadThread             [0;39m [31m          [0;39m [1;32mCommandAbstract[0;39m
                [1;31mERROR [0;39m Error while executing command: java.lang.NullPointerException: Cannot invoke "org.hibernate.SessionFactory.openSession()" because the return value of "com.stmarygate.redaction.database.DatabaseManager.getSessionFactory()" is null
17:04:33.470 [1;36mJDA MainWS-ReadThread             [0;39m [31m          [0;39m [1;32mHikariPool     [0;39m
                [1;31mERROR [0;39m HikariPool-1 - Exception during pool initialization.
org.postgresql.util.PSQLException: FATAL: password authentication failed for user "stmary_redaction"
	at org.postgresql.core.v3.ConnectionFactoryImpl.doAuthentication(ConnectionFactoryImpl.java:693)
	at org.postgresql.core.v3.ConnectionFactoryImpl.tryConnect(ConnectionFactoryImpl.java:203)
	at org.postgresql.core.v3.ConnectionFactoryImpl.openConnectionImpl(ConnectionFactoryImpl.java:258)
	at org.postgresql.core.ConnectionFactory.openConnection(ConnectionFactory.java:54)
	at org.postgresql.jdbc.PgConnection.<init>(PgConnection.java:263)
	at org.postgresql.Driver.makeConnection(Driver.java:443)
	at org.postgresql.Driver.connect(Driver.java:297)
	at com.zaxxer.hikari.util.DriverDataSource.getConnection(DriverDataSource.java:138)
	at com.zaxxer.hikari.pool.PoolBase.newConnection(PoolBase.java:359)
	at com.zaxxer.hikari.pool.PoolBase.newPoolEntry(PoolBase.java:201)
	at com.zaxxer.hikari.pool.HikariPool.createPoolEntry(HikariPool.java:470)
	at com.zaxxer.hikari.pool.HikariPool.checkFailFast(HikariPool.java:561)
	at com.zaxxer.hikari.pool.HikariPool.<init>(HikariPool.java:100)
	at com.zaxxer.hikari.HikariDataSource.<init>(HikariDataSource.java:81)
	at org.hibernate.hikaricp.internal.HikariCPConnectionProvider.configure(HikariCPConnectionProvider.java:58)
	at org.hibernate.boot.registry.internal.StandardServiceRegistryImpl.configureService(StandardServiceRegistryImpl.java:135)
	at org.hibernate.service.internal.AbstractServiceRegistryImpl.initializeService(AbstractServiceRegistryImpl.java:247)
	at org.hibernate.service.internal.AbstractServiceRegistryImpl.getService(AbstractServiceRegistryImpl.java:215)
	at org.hibernate.engine.jdbc.env.internal.JdbcEnvironmentInitiator.buildJdbcConnectionAccess(JdbcEnvironmentInitiator.java:354)
	at org.hibernate.engine.jdbc.env.internal.JdbcEnvironmentInitiator.getJdbcEnvironmentUsingJdbcMetadata(JdbcEnvironmentInitiator.java:236)
	at org.hibernate.engine.jdbc.env.internal.JdbcEnvironmentInitiator.initiateService(JdbcEnvironmentInitiator.java:82)
	at org.hibernate.engine.jdbc.env.internal.JdbcEnvironmentInitiator.initiateService(JdbcEnvironmentInitiator.java:43)
	at org.hibernate.boot.registry.internal.StandardServiceRegistryImpl.initiateService(StandardServiceRegistryImpl.java:129)
	at org.hibernate.service.internal.AbstractServiceRegistryImpl.createService(AbstractServiceRegistryImpl.java:263)
	at org.hibernate.service.internal.AbstractServiceRegistryImpl.initializeService(AbstractServiceRegistryImpl.java:238)
	at org.hibernate.service.internal.AbstractServiceRegistryImpl.getService(AbstractServiceRegistryImpl.java:215)
	at org.hibernate.boot.model.relational.Database.<init>(Database.java:45)
	at org.hibernate.boot.internal.InFlightMetadataCollectorImpl.getDatabase(InFlightMetadataCollectorImpl.java:230)
	at org.hibernate.boot.internal.InFlightMetadataCollectorImpl.<init>(InFlightMetadataCollectorImpl.java:198)
	at org.hibernate.boot.model.process.spi.MetadataBuildingProcess.complete(MetadataBuildingProcess.java:166)
	at org.hibernate.boot.model.process.spi.MetadataBuildingProcess.build(MetadataBuildingProcess.java:125)
	at org.hibernate.boot.internal.MetadataBuilderImpl.build(MetadataBuilderImpl.java:451)
	at org.hibernate.boot.internal.MetadataBuilderImpl.build(MetadataBuilderImpl.java:102)
	at com.stmarygate.redaction.database.DatabaseManager.getSessionFactory(DatabaseManager.java:46)
	at com.stmarygate.redaction.database.DatabaseManager.findByName(DatabaseManager.java:119)
	at com.stmarygate.redaction.commands.AddRegion.execute(AddRegion.java:27)
	at com.stmarygate.redaction.commands.CommandAbstract.run(CommandAbstract.java:53)
	at com.stmarygate.redaction.bot.StMaryRedactor$EventListener.onSlashCommandInteraction(StMaryRedactor.java:62)
	at net.dv8tion.jda.api.hooks.ListenerAdapter.onEvent(ListenerAdapter.java:442)
	at net.dv8tion.jda.api.hooks.InterfacedEventManager.handle(InterfacedEventManager.java:96)
	at net.dv8tion.jda.internal.hooks.EventManagerProxy.handleInternally(EventManagerProxy.java:88)
	at net.dv8tion.jda.internal.hooks.EventManagerProxy.handle(EventManagerProxy.java:70)
	at net.dv8tion.jda.internal.JDAImpl.handleEvent(JDAImpl.java:176)
	at net.dv8tion.jda.internal.handle.InteractionCreateHandler.handleCommand(InteractionCreateHandler.java:126)
	at net.dv8tion.jda.internal.handle.InteractionCreateHandler.handleInternally(InteractionCreateHandler.java:97)
	at net.dv8tion.jda.internal.handle.SocketHandler.handle(SocketHandler.java:39)
	at net.dv8tion.jda.internal.requests.WebSocketClient.onDispatch(WebSocketClient.java:1014)
	at net.dv8tion.jda.internal.requests.WebSocketClient.onEvent(WebSocketClient.java:900)
	at net.dv8tion.jda.internal.requests.WebSocketClient.handleEvent(WebSocketClient.java:878)
	at net.dv8tion.jda.internal.requests.WebSocketClient.onBinaryMessage(WebSocketClient.java:1053)
	at com.neovisionaries.ws.client.ListenerManager.callOnBinaryMessage(ListenerManager.java:385)
	at com.neovisionaries.ws.client.ReadingThread.callOnBinaryMessage(ReadingThread.java:276)
	at com.neovisionaries.ws.client.ReadingThread.handleBinaryFrame(ReadingThread.java:996)
	at com.neovisionaries.ws.client.ReadingThread.handleFrame(ReadingThread.java:755)
	at com.neovisionaries.ws.client.ReadingThread.main(ReadingThread.java:108)
	at com.neovisionaries.ws.client.ReadingThread.runMain(ReadingThread.java:64)
	at com.neovisionaries.ws.client.WebSocketThread.run(WebSocketThread.java:45)
17:04:33.472 [1;36mJDA MainWS-ReadThread             [0;39m [31m          [0;39m [1;32mDatabaseManager[0;39m
                [1;31mERROR [0;39m An error occurred while building the Hibernate session factory: 
org.hibernate.service.spi.ServiceException: Unable to create requested service [org.hibernate.engine.jdbc.env.spi.JdbcEnvironment] due to: com.zaxxer.hikari.pool.HikariPool$PoolInitializationException: Failed to initialize pool: FATAL: password authentication failed for user "stmary_redaction"
	at org.hibernate.service.internal.AbstractServiceRegistryImpl.createService(AbstractServiceRegistryImpl.java:276)
	at org.hibernate.service.internal.AbstractServiceRegistryImpl.initializeService(AbstractServiceRegistryImpl.java:238)
	at org.hibernate.service.internal.AbstractServiceRegistryImpl.getService(AbstractServiceRegistryImpl.java:215)
	at org.hibernate.boot.model.relational.Database.<init>(Database.java:45)
	at org.hibernate.boot.internal.InFlightMetadataCollectorImpl.getDatabase(InFlightMetadataCollectorImpl.java:230)
	at org.hibernate.boot.internal.InFlightMetadataCollectorImpl.<init>(InFlightMetadataCollectorImpl.java:198)
	at org.hibernate.boot.model.process.spi.MetadataBuildingProcess.complete(MetadataBuildingProcess.java:166)
	at org.hibernate.boot.model.process.spi.MetadataBuildingProcess.build(MetadataBuildingProcess.java:125)
	at org.hibernate.boot.internal.MetadataBuilderImpl.build(MetadataBuilderImpl.java:451)
	at org.hibernate.boot.internal.MetadataBuilderImpl.build(MetadataBuilderImpl.java:102)
	at com.stmarygate.redaction.database.DatabaseManager.getSessionFactory(DatabaseManager.java:46)
	at com.stmarygate.redaction.database.DatabaseManager.findByName(DatabaseManager.java:119)
	at com.stmarygate.redaction.commands.AddRegion.execute(AddRegion.java:27)
	at com.stmarygate.redaction.commands.CommandAbstract.run(CommandAbstract.java:53)
	at com.stmarygate.redaction.bot.StMaryRedactor$EventListener.onSlashCommandInteraction(StMaryRedactor.java:62)
	at net.dv8tion.jda.api.hooks.ListenerAdapter.onEvent(ListenerAdapter.java:442)
	at net.dv8tion.jda.api.hooks.InterfacedEventManager.handle(InterfacedEventManager.java:96)
	at net.dv8tion.jda.internal.hooks.EventManagerProxy.handleInternally(EventManagerProxy.java:88)
	at net.dv8tion.jda.internal.hooks.EventManagerProxy.handle(EventManagerProxy.java:70)
	at net.dv8tion.jda.internal.JDAImpl.handleEvent(JDAImpl.java:176)
	at net.dv8tion.jda.internal.handle.InteractionCreateHandler.handleCommand(InteractionCreateHandler.java:126)
	at net.dv8tion.jda.internal.handle.InteractionCreateHandler.handleInternally(InteractionCreateHandler.java:97)
	at net.dv8tion.jda.internal.handle.SocketHandler.handle(SocketHandler.java:39)
	at net.dv8tion.jda.internal.requests.WebSocketClient.onDispatch(WebSocketClient.java:1014)
	at net.dv8tion.jda.internal.requests.WebSocketClient.onEvent(WebSocketClient.java:900)
	at net.dv8tion.jda.internal.requests.WebSocketClient.handleEvent(WebSocketClient.java:878)
	at net.dv8tion.jda.internal.requests.WebSocketClient.onBinaryMessage(WebSocketClient.java:1053)
	at com.neovisionaries.ws.client.ListenerManager.callOnBinaryMessage(ListenerManager.java:385)
	at com.neovisionaries.ws.client.ReadingThread.callOnBinaryMessage(ReadingThread.java:276)
	at com.neovisionaries.ws.client.ReadingThread.handleBinaryFrame(ReadingThread.java:996)
	at com.neovisionaries.ws.client.ReadingThread.handleFrame(ReadingThread.java:755)
	at com.neovisionaries.ws.client.ReadingThread.main(ReadingThread.java:108)
	at com.neovisionaries.ws.client.ReadingThread.runMain(ReadingThread.java:64)
	at com.neovisionaries.ws.client.WebSocketThread.run(WebSocketThread.java:45)
Caused by: org.hibernate.HibernateException: com.zaxxer.hikari.pool.HikariPool$PoolInitializationException: Failed to initialize pool: FATAL: password authentication failed for user "stmary_redaction"
	at org.hibernate.hikaricp.internal.HikariCPConnectionProvider.configure(HikariCPConnectionProvider.java:62)
	at org.hibernate.boot.registry.internal.StandardServiceRegistryImpl.configureService(StandardServiceRegistryImpl.java:135)
	at org.hibernate.service.internal.AbstractServiceRegistryImpl.initializeService(AbstractServiceRegistryImpl.java:247)
	at org.hibernate.service.internal.AbstractServiceRegistryImpl.getService(AbstractServiceRegistryImpl.java:215)
	at org.hibernate.engine.jdbc.env.internal.JdbcEnvironmentInitiator.buildJdbcConnectionAccess(JdbcEnvironmentInitiator.java:354)
	at org.hibernate.engine.jdbc.env.internal.JdbcEnvironmentInitiator.getJdbcEnvironmentUsingJdbcMetadata(JdbcEnvironmentInitiator.java:236)
	at org.hibernate.engine.jdbc.env.internal.JdbcEnvironmentInitiator.initiateService(JdbcEnvironmentInitiator.java:82)
	at org.hibernate.engine.jdbc.env.internal.JdbcEnvironmentInitiator.initiateService(JdbcEnvironmentInitiator.java:43)
	at org.hibernate.boot.registry.internal.StandardServiceRegistryImpl.initiateService(StandardServiceRegistryImpl.java:129)
	at org.hibernate.service.internal.AbstractServiceRegistryImpl.createService(AbstractServiceRegistryImpl.java:263)
	... 33 common frames omitted
Caused by: com.zaxxer.hikari.pool.HikariPool$PoolInitializationException: Failed to initialize pool: FATAL: password authentication failed for user "stmary_redaction"
	at com.zaxxer.hikari.pool.HikariPool.throwPoolInitializationException(HikariPool.java:596)
	at com.zaxxer.hikari.pool.HikariPool.checkFailFast(HikariPool.java:582)
	at com.zaxxer.hikari.pool.HikariPool.<init>(HikariPool.java:100)
	at com.zaxxer.hikari.HikariDataSource.<init>(HikariDataSource.java:81)
	at org.hibernate.hikaricp.internal.HikariCPConnectionProvider.configure(HikariCPConnectionProvider.java:58)
	... 42 common frames omitted
Caused by: org.postgresql.util.PSQLException: FATAL: password authentication failed for user "stmary_redaction"
	at org.postgresql.core.v3.ConnectionFactoryImpl.doAuthentication(ConnectionFactoryImpl.java:693)
	at org.postgresql.core.v3.ConnectionFactoryImpl.tryConnect(ConnectionFactoryImpl.java:203)
	at org.postgresql.core.v3.ConnectionFactoryImpl.openConnectionImpl(ConnectionFactoryImpl.java:258)
	at org.postgresql.core.ConnectionFactory.openConnection(ConnectionFactory.java:54)
	at org.postgresql.jdbc.PgConnection.<init>(PgConnection.java:263)
	at org.postgresql.Driver.makeConnection(Driver.java:443)
	at org.postgresql.Driver.connect(Driver.java:297)
	at com.zaxxer.hikari.util.DriverDataSource.getConnection(DriverDataSource.java:138)
	at com.zaxxer.hikari.pool.PoolBase.newConnection(PoolBase.java:359)
	at com.zaxxer.hikari.pool.PoolBase.newPoolEntry(PoolBase.java:201)
	at com.zaxxer.hikari.pool.HikariPool.createPoolEntry(HikariPool.java:470)
	at com.zaxxer.hikari.pool.HikariPool.checkFailFast(HikariPool.java:561)
	... 45 common frames omitted
17:04:33.474 [1;36mJDA MainWS-ReadThread             [0;39m [31m          [0;39m [1;32mCommandAbstract[0;39m
                [1;31mERROR [0;39m Error while executing command: java.lang.NullPointerException: Cannot invoke "org.hibernate.SessionFactory.openSession()" because the return value of "com.stmarygate.redaction.database.DatabaseManager.getSessionFactory()" is null
17:05:03.563 [1;36mJDA MainWS-ReadThread             [0;39m [31m          [0;39m [1;32mHikariPool     [0;39m
                [1;31mERROR [0;39m HikariPool-1 - Exception during pool initialization.
org.postgresql.util.PSQLException: FATAL: password authentication failed for user "Aiko"
	at org.postgresql.core.v3.ConnectionFactoryImpl.doAuthentication(ConnectionFactoryImpl.java:693)
	at org.postgresql.core.v3.ConnectionFactoryImpl.tryConnect(ConnectionFactoryImpl.java:203)
	at org.postgresql.core.v3.ConnectionFactoryImpl.openConnectionImpl(ConnectionFactoryImpl.java:258)
	at org.postgresql.core.ConnectionFactory.openConnection(ConnectionFactory.java:54)
	at org.postgresql.jdbc.PgConnection.<init>(PgConnection.java:263)
	at org.postgresql.Driver.makeConnection(Driver.java:443)
	at org.postgresql.Driver.connect(Driver.java:297)
	at com.zaxxer.hikari.util.DriverDataSource.getConnection(DriverDataSource.java:138)
	at com.zaxxer.hikari.pool.PoolBase.newConnection(PoolBase.java:359)
	at com.zaxxer.hikari.pool.PoolBase.newPoolEntry(PoolBase.java:201)
	at com.zaxxer.hikari.pool.HikariPool.createPoolEntry(HikariPool.java:470)
	at com.zaxxer.hikari.pool.HikariPool.checkFailFast(HikariPool.java:561)
	at com.zaxxer.hikari.pool.HikariPool.<init>(HikariPool.java:100)
	at com.zaxxer.hikari.HikariDataSource.<init>(HikariDataSource.java:81)
	at org.hibernate.hikaricp.internal.HikariCPConnectionProvider.configure(HikariCPConnectionProvider.java:58)
	at org.hibernate.boot.registry.internal.StandardServiceRegistryImpl.configureService(StandardServiceRegistryImpl.java:135)
	at org.hibernate.service.internal.AbstractServiceRegistryImpl.initializeService(AbstractServiceRegistryImpl.java:247)
	at org.hibernate.service.internal.AbstractServiceRegistryImpl.getService(AbstractServiceRegistryImpl.java:215)
	at org.hibernate.engine.jdbc.env.internal.JdbcEnvironmentInitiator.buildJdbcConnectionAccess(JdbcEnvironmentInitiator.java:354)
	at org.hibernate.engine.jdbc.env.internal.JdbcEnvironmentInitiator.getJdbcEnvironmentUsingJdbcMetadata(JdbcEnvironmentInitiator.java:236)
	at org.hibernate.engine.jdbc.env.internal.JdbcEnvironmentInitiator.initiateService(JdbcEnvironmentInitiator.java:82)
	at org.hibernate.engine.jdbc.env.internal.JdbcEnvironmentInitiator.initiateService(JdbcEnvironmentInitiator.java:43)
	at org.hibernate.boot.registry.internal.StandardServiceRegistryImpl.initiateService(StandardServiceRegistryImpl.java:129)
	at org.hibernate.service.internal.AbstractServiceRegistryImpl.createService(AbstractServiceRegistryImpl.java:263)
	at org.hibernate.service.internal.AbstractServiceRegistryImpl.initializeService(AbstractServiceRegistryImpl.java:238)
	at org.hibernate.service.internal.AbstractServiceRegistryImpl.getService(AbstractServiceRegistryImpl.java:215)
	at org.hibernate.boot.model.relational.Database.<init>(Database.java:45)
	at org.hibernate.boot.internal.InFlightMetadataCollectorImpl.getDatabase(InFlightMetadataCollectorImpl.java:230)
	at org.hibernate.boot.internal.InFlightMetadataCollectorImpl.<init>(InFlightMetadataCollectorImpl.java:198)
	at org.hibernate.boot.model.process.spi.MetadataBuildingProcess.complete(MetadataBuildingProcess.java:166)
	at org.hibernate.boot.model.process.spi.MetadataBuildingProcess.build(MetadataBuildingProcess.java:125)
	at org.hibernate.boot.internal.MetadataBuilderImpl.build(MetadataBuilderImpl.java:451)
	at org.hibernate.boot.internal.MetadataBuilderImpl.build(MetadataBuilderImpl.java:102)
	at com.stmarygate.redaction.database.DatabaseManager.getSessionFactory(DatabaseManager.java:46)
	at com.stmarygate.redaction.database.DatabaseManager.findByName(DatabaseManager.java:119)
	at com.stmarygate.redaction.commands.AddRegion.execute(AddRegion.java:27)
	at com.stmarygate.redaction.commands.CommandAbstract.run(CommandAbstract.java:53)
	at com.stmarygate.redaction.bot.StMaryRedactor$EventListener.onSlashCommandInteraction(StMaryRedactor.java:62)
	at net.dv8tion.jda.api.hooks.ListenerAdapter.onEvent(ListenerAdapter.java:442)
	at net.dv8tion.jda.api.hooks.InterfacedEventManager.handle(InterfacedEventManager.java:96)
	at net.dv8tion.jda.internal.hooks.EventManagerProxy.handleInternally(EventManagerProxy.java:88)
	at net.dv8tion.jda.internal.hooks.EventManagerProxy.handle(EventManagerProxy.java:70)
	at net.dv8tion.jda.internal.JDAImpl.handleEvent(JDAImpl.java:176)
	at net.dv8tion.jda.internal.handle.InteractionCreateHandler.handleCommand(InteractionCreateHandler.java:126)
	at net.dv8tion.jda.internal.handle.InteractionCreateHandler.handleInternally(InteractionCreateHandler.java:97)
	at net.dv8tion.jda.internal.handle.SocketHandler.handle(SocketHandler.java:39)
	at net.dv8tion.jda.internal.requests.WebSocketClient.onDispatch(WebSocketClient.java:1014)
	at net.dv8tion.jda.internal.requests.WebSocketClient.onEvent(WebSocketClient.java:900)
	at net.dv8tion.jda.internal.requests.WebSocketClient.handleEvent(WebSocketClient.java:878)
	at net.dv8tion.jda.internal.requests.WebSocketClient.onBinaryMessage(WebSocketClient.java:1053)
	at com.neovisionaries.ws.client.ListenerManager.callOnBinaryMessage(ListenerManager.java:385)
	at com.neovisionaries.ws.client.ReadingThread.callOnBinaryMessage(ReadingThread.java:276)
	at com.neovisionaries.ws.client.ReadingThread.handleBinaryFrame(ReadingThread.java:996)
	at com.neovisionaries.ws.client.ReadingThread.handleFrame(ReadingThread.java:755)
	at com.neovisionaries.ws.client.ReadingThread.main(ReadingThread.java:108)
	at com.neovisionaries.ws.client.ReadingThread.runMain(ReadingThread.java:64)
	at com.neovisionaries.ws.client.WebSocketThread.run(WebSocketThread.java:45)
17:05:03.566 [1;36mJDA MainWS-ReadThread             [0;39m [31m          [0;39m [1;32mDatabaseManager[0;39m
                [1;31mERROR [0;39m An error occurred while building the Hibernate session factory: 
org.hibernate.service.spi.ServiceException: Unable to create requested service [org.hibernate.engine.jdbc.env.spi.JdbcEnvironment] due to: com.zaxxer.hikari.pool.HikariPool$PoolInitializationException: Failed to initialize pool: FATAL: password authentication failed for user "Aiko"
	at org.hibernate.service.internal.AbstractServiceRegistryImpl.createService(AbstractServiceRegistryImpl.java:276)
	at org.hibernate.service.internal.AbstractServiceRegistryImpl.initializeService(AbstractServiceRegistryImpl.java:238)
	at org.hibernate.service.internal.AbstractServiceRegistryImpl.getService(AbstractServiceRegistryImpl.java:215)
	at org.hibernate.boot.model.relational.Database.<init>(Database.java:45)
	at org.hibernate.boot.internal.InFlightMetadataCollectorImpl.getDatabase(InFlightMetadataCollectorImpl.java:230)
	at org.hibernate.boot.internal.InFlightMetadataCollectorImpl.<init>(InFlightMetadataCollectorImpl.java:198)
	at org.hibernate.boot.model.process.spi.MetadataBuildingProcess.complete(MetadataBuildingProcess.java:166)
	at org.hibernate.boot.model.process.spi.MetadataBuildingProcess.build(MetadataBuildingProcess.java:125)
	at org.hibernate.boot.internal.MetadataBuilderImpl.build(MetadataBuilderImpl.java:451)
	at org.hibernate.boot.internal.MetadataBuilderImpl.build(MetadataBuilderImpl.java:102)
	at com.stmarygate.redaction.database.DatabaseManager.getSessionFactory(DatabaseManager.java:46)
	at com.stmarygate.redaction.database.DatabaseManager.findByName(DatabaseManager.java:119)
	at com.stmarygate.redaction.commands.AddRegion.execute(AddRegion.java:27)
	at com.stmarygate.redaction.commands.CommandAbstract.run(CommandAbstract.java:53)
	at com.stmarygate.redaction.bot.StMaryRedactor$EventListener.onSlashCommandInteraction(StMaryRedactor.java:62)
	at net.dv8tion.jda.api.hooks.ListenerAdapter.onEvent(ListenerAdapter.java:442)
	at net.dv8tion.jda.api.hooks.InterfacedEventManager.handle(InterfacedEventManager.java:96)
	at net.dv8tion.jda.internal.hooks.EventManagerProxy.handleInternally(EventManagerProxy.java:88)
	at net.dv8tion.jda.internal.hooks.EventManagerProxy.handle(EventManagerProxy.java:70)
	at net.dv8tion.jda.internal.JDAImpl.handleEvent(JDAImpl.java:176)
	at net.dv8tion.jda.internal.handle.InteractionCreateHandler.handleCommand(InteractionCreateHandler.java:126)
	at net.dv8tion.jda.internal.handle.InteractionCreateHandler.handleInternally(InteractionCreateHandler.java:97)
	at net.dv8tion.jda.internal.handle.SocketHandler.handle(SocketHandler.java:39)
	at net.dv8tion.jda.internal.requests.WebSocketClient.onDispatch(WebSocketClient.java:1014)
	at net.dv8tion.jda.internal.requests.WebSocketClient.onEvent(WebSocketClient.java:900)
	at net.dv8tion.jda.internal.requests.WebSocketClient.handleEvent(WebSocketClient.java:878)
	at net.dv8tion.jda.internal.requests.WebSocketClient.onBinaryMessage(WebSocketClient.java:1053)
	at com.neovisionaries.ws.client.ListenerManager.callOnBinaryMessage(ListenerManager.java:385)
	at com.neovisionaries.ws.client.ReadingThread.callOnBinaryMessage(ReadingThread.java:276)
	at com.neovisionaries.ws.client.ReadingThread.handleBinaryFrame(ReadingThread.java:996)
	at com.neovisionaries.ws.client.ReadingThread.handleFrame(ReadingThread.java:755)
	at com.neovisionaries.ws.client.ReadingThread.main(ReadingThread.java:108)
	at com.neovisionaries.ws.client.ReadingThread.runMain(ReadingThread.java:64)
	at com.neovisionaries.ws.client.WebSocketThread.run(WebSocketThread.java:45)
Caused by: org.hibernate.HibernateException: com.zaxxer.hikari.pool.HikariPool$PoolInitializationException: Failed to initialize pool: FATAL: password authentication failed for user "Aiko"
	at org.hibernate.hikaricp.internal.HikariCPConnectionProvider.configure(HikariCPConnectionProvider.java:62)
	at org.hibernate.boot.registry.internal.StandardServiceRegistryImpl.configureService(StandardServiceRegistryImpl.java:135)
	at org.hibernate.service.internal.AbstractServiceRegistryImpl.initializeService(AbstractServiceRegistryImpl.java:247)
	at org.hibernate.service.internal.AbstractServiceRegistryImpl.getService(AbstractServiceRegistryImpl.java:215)
	at org.hibernate.engine.jdbc.env.internal.JdbcEnvironmentInitiator.buildJdbcConnectionAccess(JdbcEnvironmentInitiator.java:354)
	at org.hibernate.engine.jdbc.env.internal.JdbcEnvironmentInitiator.getJdbcEnvironmentUsingJdbcMetadata(JdbcEnvironmentInitiator.java:236)
	at org.hibernate.engine.jdbc.env.internal.JdbcEnvironmentInitiator.initiateService(JdbcEnvironmentInitiator.java:82)
	at org.hibernate.engine.jdbc.env.internal.JdbcEnvironmentInitiator.initiateService(JdbcEnvironmentInitiator.java:43)
	at org.hibernate.boot.registry.internal.StandardServiceRegistryImpl.initiateService(StandardServiceRegistryImpl.java:129)
	at org.hibernate.service.internal.AbstractServiceRegistryImpl.createService(AbstractServiceRegistryImpl.java:263)
	... 33 common frames omitted
Caused by: com.zaxxer.hikari.pool.HikariPool$PoolInitializationException: Failed to initialize pool: FATAL: password authentication failed for user "Aiko"
	at com.zaxxer.hikari.pool.HikariPool.throwPoolInitializationException(HikariPool.java:596)
	at com.zaxxer.hikari.pool.HikariPool.checkFailFast(HikariPool.java:582)
	at com.zaxxer.hikari.pool.HikariPool.<init>(HikariPool.java:100)
	at com.zaxxer.hikari.HikariDataSource.<init>(HikariDataSource.java:81)
	at org.hibernate.hikaricp.internal.HikariCPConnectionProvider.configure(HikariCPConnectionProvider.java:58)
	... 42 common frames omitted
Caused by: org.postgresql.util.PSQLException: FATAL: password authentication failed for user "Aiko"
	at org.postgresql.core.v3.ConnectionFactoryImpl.doAuthentication(ConnectionFactoryImpl.java:693)
	at org.postgresql.core.v3.ConnectionFactoryImpl.tryConnect(ConnectionFactoryImpl.java:203)
	at org.postgresql.core.v3.ConnectionFactoryImpl.openConnectionImpl(ConnectionFactoryImpl.java:258)
	at org.postgresql.core.ConnectionFactory.openConnection(ConnectionFactory.java:54)
	at org.postgresql.jdbc.PgConnection.<init>(PgConnection.java:263)
	at org.postgresql.Driver.makeConnection(Driver.java:443)
	at org.postgresql.Driver.connect(Driver.java:297)
	at com.zaxxer.hikari.util.DriverDataSource.getConnection(DriverDataSource.java:138)
	at com.zaxxer.hikari.pool.PoolBase.newConnection(PoolBase.java:359)
	at com.zaxxer.hikari.pool.PoolBase.newPoolEntry(PoolBase.java:201)
	at com.zaxxer.hikari.pool.HikariPool.createPoolEntry(HikariPool.java:470)
	at com.zaxxer.hikari.pool.HikariPool.checkFailFast(HikariPool.java:561)
	... 45 common frames omitted
17:05:03.567 [1;36mJDA MainWS-ReadThread             [0;39m [31m          [0;39m [1;32mCommandAbstract[0;39m
                [1;31mERROR [0;39m Error while executing command: java.lang.NullPointerException: Cannot invoke "org.hibernate.SessionFactory.openSession()" because the return value of "com.stmarygate.redaction.database.DatabaseManager.getSessionFactory()" is null
17:05:52.367 [1;36mJDA MainWS-ReadThread             [0;39m [31m          [0;39m [1;32mDatabaseManager[0;39m
                [1;31mERROR [0;39m An error occurred while building the Hibernate session factory: 
org.hibernate.AnnotationException: Property 'com.stmarygate.redaction.entities.VillageEntity.region' is a '@ManyToOne' association and may not use '@Column' to specify column mappings (use '@JoinColumn' instead)
	at org.hibernate.boot.model.internal.ToOneBinder.bindManyToOne(ToOneBinder.java:93)
	at org.hibernate.boot.model.internal.PropertyBinder.bindProperty(PropertyBinder.java:812)
	at org.hibernate.boot.model.internal.PropertyBinder.buildProperty(PropertyBinder.java:765)
	at org.hibernate.boot.model.internal.PropertyBinder.processElementAnnotations(PropertyBinder.java:686)
	at org.hibernate.boot.model.internal.EntityBinder.processIdPropertiesIfNotAlready(EntityBinder.java:977)
	at org.hibernate.boot.model.internal.EntityBinder.handleIdentifier(EntityBinder.java:305)
	at org.hibernate.boot.model.internal.EntityBinder.bindEntityClass(EntityBinder.java:231)
	at org.hibernate.boot.model.internal.AnnotationBinder.bindClass(AnnotationBinder.java:421)
	at org.hibernate.boot.model.source.internal.annotations.AnnotationMetadataSourceProcessorImpl.processEntityHierarchies(AnnotationMetadataSourceProcessorImpl.java:255)
	at org.hibernate.boot.model.process.spi.MetadataBuildingProcess$1.processEntityHierarchies(MetadataBuildingProcess.java:275)
	at org.hibernate.boot.model.process.spi.MetadataBuildingProcess.complete(MetadataBuildingProcess.java:318)
	at org.hibernate.boot.model.process.spi.MetadataBuildingProcess.build(MetadataBuildingProcess.java:125)
	at org.hibernate.boot.internal.MetadataBuilderImpl.build(MetadataBuilderImpl.java:451)
	at org.hibernate.boot.internal.MetadataBuilderImpl.build(MetadataBuilderImpl.java:102)
	at com.stmarygate.redaction.database.DatabaseManager.getSessionFactory(DatabaseManager.java:46)
	at com.stmarygate.redaction.database.DatabaseManager.findByName(DatabaseManager.java:119)
	at com.stmarygate.redaction.commands.AddRegion.execute(AddRegion.java:27)
	at com.stmarygate.redaction.commands.CommandAbstract.run(CommandAbstract.java:53)
	at com.stmarygate.redaction.bot.StMaryRedactor$EventListener.onSlashCommandInteraction(StMaryRedactor.java:62)
	at net.dv8tion.jda.api.hooks.ListenerAdapter.onEvent(ListenerAdapter.java:442)
	at net.dv8tion.jda.api.hooks.InterfacedEventManager.handle(InterfacedEventManager.java:96)
	at net.dv8tion.jda.internal.hooks.EventManagerProxy.handleInternally(EventManagerProxy.java:88)
	at net.dv8tion.jda.internal.hooks.EventManagerProxy.handle(EventManagerProxy.java:70)
	at net.dv8tion.jda.internal.JDAImpl.handleEvent(JDAImpl.java:176)
	at net.dv8tion.jda.internal.handle.InteractionCreateHandler.handleCommand(InteractionCreateHandler.java:126)
	at net.dv8tion.jda.internal.handle.InteractionCreateHandler.handleInternally(InteractionCreateHandler.java:97)
	at net.dv8tion.jda.internal.handle.SocketHandler.handle(SocketHandler.java:39)
	at net.dv8tion.jda.internal.requests.WebSocketClient.onDispatch(WebSocketClient.java:1014)
	at net.dv8tion.jda.internal.requests.WebSocketClient.onEvent(WebSocketClient.java:900)
	at net.dv8tion.jda.internal.requests.WebSocketClient.handleEvent(WebSocketClient.java:878)
	at net.dv8tion.jda.internal.requests.WebSocketClient.onBinaryMessage(WebSocketClient.java:1053)
	at com.neovisionaries.ws.client.ListenerManager.callOnBinaryMessage(ListenerManager.java:385)
	at com.neovisionaries.ws.client.ReadingThread.callOnBinaryMessage(ReadingThread.java:276)
	at com.neovisionaries.ws.client.ReadingThread.handleBinaryFrame(ReadingThread.java:996)
	at com.neovisionaries.ws.client.ReadingThread.handleFrame(ReadingThread.java:755)
	at com.neovisionaries.ws.client.ReadingThread.main(ReadingThread.java:108)
	at com.neovisionaries.ws.client.ReadingThread.runMain(ReadingThread.java:64)
	at com.neovisionaries.ws.client.WebSocketThread.run(WebSocketThread.java:45)
17:05:52.369 [1;36mJDA MainWS-ReadThread             [0;39m [31m          [0;39m [1;32mCommandAbstract[0;39m
                [1;31mERROR [0;39m Error while executing command: java.lang.NullPointerException: Cannot invoke "org.hibernate.SessionFactory.openSession()" because the return value of "com.stmarygate.redaction.database.DatabaseManager.getSessionFactory()" is null
17:07:35.765 [1;36mJDA MainWS-ReadThread             [0;39m [31m          [0;39m [1;32mCommandAbstract[0;39m
                [1;31mERROR [0;39m Error while executing command: java.lang.IllegalArgumentException: Argument 'Oraland' could not be converted to the identifier type of entity 'com.stmarygate.redaction.entities.RegionEntity' [Error coercing value]
17:11:23.804 [1;36mJDA MainWS-ReadThread             [0;39m [31m          [0;39m [1;32mCommandAbstract[0;39m
                [1;31mERROR [0;39m Error while executing command: [Ljava.lang.StackTraceElement;@2af2b389
17:12:21.551 [1;36mJDA MainWS-ReadThread             [0;39m [31m          [0;39m [1;32mCommandAbstract[0;39m
                [1;31mERROR [0;39m Error while executing command: 
17:15:31.710 [1;36mForkJoinPool.commonPool-worker-1  [0;39m [31m          [0;39m [1;32mRestAction     [0;39m
                [1;31mERROR [0;39m RestAction queue returned failure: [ErrorResponseException] 10062: Unknown interaction
net.dv8tion.jda.api.exceptions.ContextException: null
	at net.dv8tion.jda.api.exceptions.ContextException.here(ContextException.java:54)
	at net.dv8tion.jda.api.requests.Request.<init>(Request.java:72)
	at net.dv8tion.jda.internal.requests.RestActionImpl.queue(RestActionImpl.java:197)
	at net.dv8tion.jda.internal.requests.restaction.interactions.InteractionCallbackImpl.queue(InteractionCallbackImpl.java:74)
	at net.dv8tion.jda.api.requests.RestAction.queue(RestAction.java:572)
	at net.dv8tion.jda.api.requests.RestAction.queue(RestAction.java:538)
	at com.stmarygate.redaction.commands.AddRegion.execute(AddRegion.java:36)
	at com.stmarygate.redaction.commands.CommandAbstract.run(CommandAbstract.java:53)
	at com.stmarygate.redaction.bot.StMaryRedactor$EventListener.onSlashCommandInteraction(StMaryRedactor.java:62)
	at net.dv8tion.jda.api.hooks.ListenerAdapter.onEvent(ListenerAdapter.java:442)
	at net.dv8tion.jda.api.hooks.InterfacedEventManager.handle(InterfacedEventManager.java:96)
	at net.dv8tion.jda.internal.hooks.EventManagerProxy.handleInternally(EventManagerProxy.java:88)
	at net.dv8tion.jda.internal.hooks.EventManagerProxy.handle(EventManagerProxy.java:70)
	at net.dv8tion.jda.internal.JDAImpl.handleEvent(JDAImpl.java:176)
	at net.dv8tion.jda.internal.handle.InteractionCreateHandler.handleCommand(InteractionCreateHandler.java:126)
	at net.dv8tion.jda.internal.handle.InteractionCreateHandler.handleInternally(InteractionCreateHandler.java:97)
	at net.dv8tion.jda.internal.handle.SocketHandler.handle(SocketHandler.java:39)
	at net.dv8tion.jda.internal.requests.WebSocketClient.onDispatch(WebSocketClient.java:1014)
	at net.dv8tion.jda.internal.requests.WebSocketClient.onEvent(WebSocketClient.java:900)
	at net.dv8tion.jda.internal.requests.WebSocketClient.handleEvent(WebSocketClient.java:878)
	at net.dv8tion.jda.internal.requests.WebSocketClient.onBinaryMessage(WebSocketClient.java:1053)
	at com.neovisionaries.ws.client.ListenerManager.callOnBinaryMessage(ListenerManager.java:385)
	at com.neovisionaries.ws.client.ReadingThread.callOnBinaryMessage(ReadingThread.java:276)
	at com.neovisionaries.ws.client.ReadingThread.handleBinaryFrame(ReadingThread.java:996)
	at com.neovisionaries.ws.client.ReadingThread.handleFrame(ReadingThread.java:755)
	at com.neovisionaries.ws.client.ReadingThread.main(ReadingThread.java:108)
	at com.neovisionaries.ws.client.ReadingThread.runMain(ReadingThread.java:64)
	at com.neovisionaries.ws.client.WebSocketThread.run(WebSocketThread.java:45)
18:24:25.587 [1;36mHikariPool-1 housekeeper          [0;39m [31m          [0;39m [1;32mHikariPool     [0;39m
                [31mWARN  [0;39m HikariPool-1 - Thread starvation or clock leap detected (housekeeper delta=30m27s706ms).
18:24:55.473 [1;36mJDA MainWS-ReadThread             [0;39m [31m          [0;39m [1;32mWebSocketClient[0;39m
                [31mWARN  [0;39m Got disconnected from WebSocket (Code 1000). Appending to reconnect queue
18:43:13.314 [1;36mHikariPool-1 housekeeper          [0;39m [31m          [0;39m [1;32mHikariPool     [0;39m
                [31mWARN  [0;39m HikariPool-1 - Thread starvation or clock leap detected (housekeeper delta=15m47s687ms).
18:43:42.180 [1;36mJDA MainWS-ReadThread             [0;39m [31m          [0;39m [1;32mWebSocketClient[0;39m
                [31mWARN  [0;39m Got disconnected from WebSocket (Code 1000). Appending to reconnect queue
19:12:32.100 [1;36mJDA MainWS-ReadThread             [0;39m [31m          [0;39m [1;32mCommandAbstract[0;39m
                [1;31mERROR [0;39m Error while executing command: 
19:42:27.296 [1;36mJDA MainWS-ReadThread             [0;39m [31m          [0;39m [1;32mSqlExceptionHel[0;39m
                [31mWARN  [0;39m SQL Error: 0, SQLState: 22001
19:42:27.296 [1;36mJDA MainWS-ReadThread             [0;39m [31m          [0;39m [1;32mSqlExceptionHel[0;39m
                [1;31mERROR [0;39m ERROR: value too long for type character varying(255)
19:42:27.304 [1;36mJDA MainWS-ReadThread             [0;39m [31m          [0;39m [1;32mCommandAbstract[0;39m
                [1;31mERROR [0;39m Error while executing command: 
20:14:59.380 [1;36mHikariPool-1 housekeeper          [0;39m [31m          [0;39m [1;32mHikariPool     [0;39m
                [31mWARN  [0;39m HikariPool-1 - Thread starvation or clock leap detected (housekeeper delta=26m32s98ms).
20:15:18.048 [1;36mJDA MainWS-ReadThread             [0;39m [31m          [0;39m [1;32mWebSocketClient[0;39m
                [31mWARN  [0;39m Got disconnected from WebSocket (Code 1000). Appending to reconnect queue
21:18:29.466 [1;36mHikariPool-1 housekeeper          [0;39m [31m          [0;39m [1;32mHikariPool     [0;39m
                [31mWARN  [0;39m HikariPool-1 - Thread starvation or clock leap detected (housekeeper delta=1h3m78ms).
21:18:32.684 [1;36mJDA MainWS-ReadThread             [0;39m [31m          [0;39m [1;32mWebSocketClient[0;39m
                [31mWARN  [0;39m Got disconnected from WebSocket (Code 1000). Appending to reconnect queue
21:49:37.970 [1;36mJDA MainWS-ReadThread             [0;39m [31m          [0;39m [1;32mCommandAbstract[0;39m
                [1;31mERROR [0;39m Error while executing command: 
22:06:28.879 [1;36mJDA MainWS-ReadThread             [0;39m [31m          [0;39m [1;32mCommandAbstract[0;39m
                [1;31mERROR [0;39m Error while executing command: 
22:14:33.971 [1;36mJDA MainWS-ReadThread             [0;39m [31m          [0;39m [1;32mCommandAbstract[0;39m
                [1;31mERROR [0;39m Error while executing command: 
22:16:14.722 [1;36mJDA MainWS-ReadThread             [0;39m [31m          [0;39m [1;32mCommandAbstract[0;39m
                [1;31mERROR [0;39m Error while executing command: 
22:22:55.007 [1;36mJDA MainWS-ReadThread             [0;39m [31m          [0;39m [1;32mCommandAbstract[0;39m
                [1;31mERROR [0;39m Error while executing command: 
22:24:12.806 [1;36mJDA MainWS-ReadThread             [0;39m [31m          [0;39m [1;32mCommandAbstract[0;39m
                [1;31mERROR [0;39m Error while executing command: 
